[debug] [2025-01-05T17:55:25.922Z] ----------------------------------------------------------------------
[debug] [2025-01-05T17:55:25.923Z] Command:       /Users/kewani/.nvm/versions/node/v18.20.5/bin/node /Users/kewani/.nvm/versions/node/v18.20.5/bin/firebase deploy --only functions
[debug] [2025-01-05T17:55:25.923Z] CLI Version:   13.29.1
[debug] [2025-01-05T17:55:25.923Z] Platform:      darwin
[debug] [2025-01-05T17:55:25.923Z] Node Version:  v18.20.5
[debug] [2025-01-05T17:55:25.927Z] Time:          Sun Jan 05 2025 12:55:25 GMT-0500 (Eastern Standard Time)
[debug] [2025-01-05T17:55:25.927Z] ----------------------------------------------------------------------
[debug] 
[debug] [2025-01-05T17:55:25.963Z] > command requires scopes: ["email","openid","https://www.googleapis.com/auth/cloudplatformprojects.readonly","https://www.googleapis.com/auth/firebase","https://www.googleapis.com/auth/cloud-platform"]
[debug] [2025-01-05T17:55:25.964Z] > authorizing via signed-in user (kewanim40@gmail.com)
[debug] [2025-01-05T17:55:25.964Z] [iam] checking project evangadiforum-bae8b for permissions ["cloudfunctions.functions.create","cloudfunctions.functions.delete","cloudfunctions.functions.get","cloudfunctions.functions.list","cloudfunctions.functions.update","cloudfunctions.operations.get","firebase.projects.get"]
[debug] [2025-01-05T17:55:25.964Z] Checked if tokens are valid: true, expires at: 1736101756027
[debug] [2025-01-05T17:55:25.964Z] Checked if tokens are valid: true, expires at: 1736101756027
[debug] [2025-01-05T17:55:25.965Z] >>> [apiv2][query] POST https://cloudresourcemanager.googleapis.com/v1/projects/evangadiforum-bae8b:testIamPermissions [none]
[debug] [2025-01-05T17:55:25.965Z] >>> [apiv2][(partial)header] POST https://cloudresourcemanager.googleapis.com/v1/projects/evangadiforum-bae8b:testIamPermissions x-goog-quota-user=projects/evangadiforum-bae8b
[debug] [2025-01-05T17:55:25.965Z] >>> [apiv2][body] POST https://cloudresourcemanager.googleapis.com/v1/projects/evangadiforum-bae8b:testIamPermissions {"permissions":["cloudfunctions.functions.create","cloudfunctions.functions.delete","cloudfunctions.functions.get","cloudfunctions.functions.list","cloudfunctions.functions.update","cloudfunctions.operations.get","firebase.projects.get"]}
[debug] [2025-01-05T17:55:26.167Z] <<< [apiv2][status] POST https://cloudresourcemanager.googleapis.com/v1/projects/evangadiforum-bae8b:testIamPermissions 200
[debug] [2025-01-05T17:55:26.167Z] <<< [apiv2][body] POST https://cloudresourcemanager.googleapis.com/v1/projects/evangadiforum-bae8b:testIamPermissions {"permissions":["cloudfunctions.functions.create","cloudfunctions.functions.delete","cloudfunctions.functions.get","cloudfunctions.functions.list","cloudfunctions.functions.update","cloudfunctions.operations.get","firebase.projects.get"]}
[debug] [2025-01-05T17:55:26.168Z] Checked if tokens are valid: true, expires at: 1736101756027
[debug] [2025-01-05T17:55:26.168Z] Checked if tokens are valid: true, expires at: 1736101756027
[debug] [2025-01-05T17:55:26.168Z] >>> [apiv2][query] POST https://iam.googleapis.com/v1/projects/evangadiforum-bae8b/serviceAccounts/evangadiforum-bae8b@appspot.gserviceaccount.com:testIamPermissions [none]
[debug] [2025-01-05T17:55:26.168Z] >>> [apiv2][body] POST https://iam.googleapis.com/v1/projects/evangadiforum-bae8b/serviceAccounts/evangadiforum-bae8b@appspot.gserviceaccount.com:testIamPermissions {"permissions":["iam.serviceAccounts.actAs"]}
[debug] [2025-01-05T17:55:26.371Z] <<< [apiv2][status] POST https://iam.googleapis.com/v1/projects/evangadiforum-bae8b/serviceAccounts/evangadiforum-bae8b@appspot.gserviceaccount.com:testIamPermissions 200
[debug] [2025-01-05T17:55:26.371Z] <<< [apiv2][body] POST https://iam.googleapis.com/v1/projects/evangadiforum-bae8b/serviceAccounts/evangadiforum-bae8b@appspot.gserviceaccount.com:testIamPermissions {"permissions":["iam.serviceAccounts.actAs"]}
[info] 
[info] === Deploying to 'evangadiforum-bae8b'...
[info] 
[info] i  deploying functions 
[debug] [2025-01-05T17:55:26.374Z] Checked if tokens are valid: true, expires at: 1736101756027
[debug] [2025-01-05T17:55:26.374Z] Checked if tokens are valid: true, expires at: 1736101756027
[debug] [2025-01-05T17:55:26.375Z] >>> [apiv2][query] GET https://cloudresourcemanager.googleapis.com/v1/projects/evangadiforum-bae8b [none]
[debug] [2025-01-05T17:55:26.530Z] <<< [apiv2][status] GET https://cloudresourcemanager.googleapis.com/v1/projects/evangadiforum-bae8b 200
[debug] [2025-01-05T17:55:26.530Z] <<< [apiv2][body] GET https://cloudresourcemanager.googleapis.com/v1/projects/evangadiforum-bae8b {"projectNumber":"896246221499","projectId":"evangadiforum-bae8b","lifecycleState":"ACTIVE","name":"EvangadiForum","labels":{"firebase":"enabled","firebase-core":"disabled"},"createTime":"2025-01-04T20:03:13.626525Z"}
[info] i  functions: preparing codebase default for deployment 
[info] i  functions: ensuring required API cloudfunctions.googleapis.com is enabled... 
[debug] [2025-01-05T17:55:26.531Z] Checked if tokens are valid: true, expires at: 1736101756027
[debug] [2025-01-05T17:55:26.531Z] Checked if tokens are valid: true, expires at: 1736101756027
[debug] [2025-01-05T17:55:26.532Z] Checked if tokens are valid: true, expires at: 1736101756027
[debug] [2025-01-05T17:55:26.532Z] Checked if tokens are valid: true, expires at: 1736101756027
[info] i  functions: ensuring required API cloudbuild.googleapis.com is enabled... 
[debug] [2025-01-05T17:55:26.532Z] Checked if tokens are valid: true, expires at: 1736101756027
[debug] [2025-01-05T17:55:26.532Z] Checked if tokens are valid: true, expires at: 1736101756027
[info] i  artifactregistry: ensuring required API artifactregistry.googleapis.com is enabled... 
[debug] [2025-01-05T17:55:26.532Z] Checked if tokens are valid: true, expires at: 1736101756027
[debug] [2025-01-05T17:55:26.532Z] Checked if tokens are valid: true, expires at: 1736101756027
[debug] [2025-01-05T17:55:26.532Z] >>> [apiv2][query] GET https://serviceusage.googleapis.com/v1/projects/evangadiforum-bae8b/services/cloudfunctions.googleapis.com [none]
[debug] [2025-01-05T17:55:26.533Z] >>> [apiv2][(partial)header] GET https://serviceusage.googleapis.com/v1/projects/evangadiforum-bae8b/services/cloudfunctions.googleapis.com x-goog-quota-user=projects/evangadiforum-bae8b
[debug] [2025-01-05T17:55:26.534Z] >>> [apiv2][query] GET https://serviceusage.googleapis.com/v1/projects/evangadiforum-bae8b/services/runtimeconfig.googleapis.com [none]
[debug] [2025-01-05T17:55:26.534Z] >>> [apiv2][(partial)header] GET https://serviceusage.googleapis.com/v1/projects/evangadiforum-bae8b/services/runtimeconfig.googleapis.com x-goog-quota-user=projects/evangadiforum-bae8b
[debug] [2025-01-05T17:55:26.535Z] >>> [apiv2][query] GET https://serviceusage.googleapis.com/v1/projects/evangadiforum-bae8b/services/cloudbuild.googleapis.com [none]
[debug] [2025-01-05T17:55:26.535Z] >>> [apiv2][(partial)header] GET https://serviceusage.googleapis.com/v1/projects/evangadiforum-bae8b/services/cloudbuild.googleapis.com x-goog-quota-user=projects/evangadiforum-bae8b
[debug] [2025-01-05T17:55:26.536Z] >>> [apiv2][query] GET https://serviceusage.googleapis.com/v1/projects/evangadiforum-bae8b/services/artifactregistry.googleapis.com [none]
[debug] [2025-01-05T17:55:26.536Z] >>> [apiv2][(partial)header] GET https://serviceusage.googleapis.com/v1/projects/evangadiforum-bae8b/services/artifactregistry.googleapis.com x-goog-quota-user=projects/evangadiforum-bae8b
[debug] [2025-01-05T17:55:27.121Z] <<< [apiv2][status] GET https://serviceusage.googleapis.com/v1/projects/evangadiforum-bae8b/services/runtimeconfig.googleapis.com 200
[debug] [2025-01-05T17:55:27.121Z] <<< [apiv2][body] GET https://serviceusage.googleapis.com/v1/projects/evangadiforum-bae8b/services/runtimeconfig.googleapis.com [omitted]
[debug] [2025-01-05T17:55:27.132Z] <<< [apiv2][status] GET https://serviceusage.googleapis.com/v1/projects/evangadiforum-bae8b/services/cloudbuild.googleapis.com 200
[debug] [2025-01-05T17:55:27.132Z] <<< [apiv2][body] GET https://serviceusage.googleapis.com/v1/projects/evangadiforum-bae8b/services/cloudbuild.googleapis.com [omitted]
[info] ✔  functions: required API cloudbuild.googleapis.com is enabled 
[debug] [2025-01-05T17:55:27.134Z] <<< [apiv2][status] GET https://serviceusage.googleapis.com/v1/projects/evangadiforum-bae8b/services/cloudfunctions.googleapis.com 200
[debug] [2025-01-05T17:55:27.134Z] <<< [apiv2][body] GET https://serviceusage.googleapis.com/v1/projects/evangadiforum-bae8b/services/cloudfunctions.googleapis.com [omitted]
[info] ✔  functions: required API cloudfunctions.googleapis.com is enabled 
[debug] [2025-01-05T17:55:27.134Z] <<< [apiv2][status] GET https://serviceusage.googleapis.com/v1/projects/evangadiforum-bae8b/services/artifactregistry.googleapis.com 200
[debug] [2025-01-05T17:55:27.134Z] <<< [apiv2][body] GET https://serviceusage.googleapis.com/v1/projects/evangadiforum-bae8b/services/artifactregistry.googleapis.com [omitted]
[info] ✔  artifactregistry: required API artifactregistry.googleapis.com is enabled 
[debug] [2025-01-05T17:55:27.134Z] Checked if tokens are valid: true, expires at: 1736101756027
[debug] [2025-01-05T17:55:27.134Z] Checked if tokens are valid: true, expires at: 1736101756027
[debug] [2025-01-05T17:55:27.135Z] >>> [apiv2][query] GET https://firebase.googleapis.com/v1beta1/projects/evangadiforum-bae8b/adminSdkConfig [none]
[debug] [2025-01-05T17:55:27.495Z] <<< [apiv2][status] GET https://firebase.googleapis.com/v1beta1/projects/evangadiforum-bae8b/adminSdkConfig 200
[debug] [2025-01-05T17:55:27.495Z] <<< [apiv2][body] GET https://firebase.googleapis.com/v1beta1/projects/evangadiforum-bae8b/adminSdkConfig {"projectId":"evangadiforum-bae8b","storageBucket":"evangadiforum-bae8b.firebasestorage.app"}
[debug] [2025-01-05T17:55:27.496Z] Checked if tokens are valid: true, expires at: 1736101756027
[debug] [2025-01-05T17:55:27.496Z] Checked if tokens are valid: true, expires at: 1736101756027
[debug] [2025-01-05T17:55:27.496Z] >>> [apiv2][query] GET https://runtimeconfig.googleapis.com/v1beta1/projects/evangadiforum-bae8b/configs [none]
[debug] [2025-01-05T17:55:27.672Z] <<< [apiv2][status] GET https://runtimeconfig.googleapis.com/v1beta1/projects/evangadiforum-bae8b/configs 200
[debug] [2025-01-05T17:55:27.672Z] <<< [apiv2][body] GET https://runtimeconfig.googleapis.com/v1beta1/projects/evangadiforum-bae8b/configs {}
[debug] [2025-01-05T17:55:27.674Z] Validating nodejs source
[debug] [2025-01-05T17:55:28.183Z] > [functions] package.json contents: {
  "name": "functions",
  "description": "Cloud Functions for Firebase",
  "scripts": {
    "serve": "firebase emulators:start --only functions",
    "shell": "firebase functions:shell",
    "start": "npm run shell",
    "deploy": "firebase deploy --only functions",
    "logs": "firebase functions:log"
  },
  "engines": {
    "node": "22"
  },
  "main": "index.js",
  "dependencies": {
    "firebase-admin": "^12.6.0",
    "firebase-functions": "^6.0.1"
  },
  "devDependencies": {
    "firebase-functions-test": "^3.1.0"
  },
  "private": true
}
[debug] [2025-01-05T17:55:28.184Z] Building nodejs source
[info] i  functions: Loading and analyzing source code for codebase default to determine what to deploy 
[debug] [2025-01-05T17:55:28.184Z] Could not find functions.yaml. Must use http discovery
[debug] [2025-01-05T17:55:28.190Z] Found firebase-functions binary at '/Users/kewani/Library/Mobile Documents/com~apple~CloudDocs/Kewani/Evangadi/Phase-4/Evangadi Forum/EVANGADI_FORUM_LAST/Server/functions/node_modules/.bin/firebase-functions'
[info] Serving at port 8171

[debug] [2025-01-05T17:55:28.449Z] Got response from /__/functions.yaml {"endpoints":{"registerUser":{"availableMemoryMb":null,"timeoutSeconds":null,"minInstances":null,"maxInstances":null,"ingressSettings":null,"concurrency":null,"serviceAccountEmail":null,"vpc":null,"platform":"gcfv2","labels":{},"httpsTrigger":{},"entryPoint":"registerUser"},"helloWorld":{"availableMemoryMb":null,"timeoutSeconds":null,"minInstances":null,"maxInstances":null,"ingressSettings":null,"concurrency":null,"serviceAccountEmail":null,"vpc":null,"platform":"gcfv2","labels":{},"httpsTrigger":{},"entryPoint":"helloWorld"}},"specVersion":"v1alpha1","requiredAPIs":[],"extensions":{}}
[info] i  extensions: ensuring required API firebaseextensions.googleapis.com is enabled... 
[debug] [2025-01-05T17:55:28.461Z] Checked if tokens are valid: true, expires at: 1736101756027
[debug] [2025-01-05T17:55:28.461Z] Checked if tokens are valid: true, expires at: 1736101756027
[debug] [2025-01-05T17:55:28.461Z] >>> [apiv2][query] GET https://serviceusage.googleapis.com/v1/projects/evangadiforum-bae8b/services/firebaseextensions.googleapis.com [none]
[debug] [2025-01-05T17:55:28.461Z] >>> [apiv2][(partial)header] GET https://serviceusage.googleapis.com/v1/projects/evangadiforum-bae8b/services/firebaseextensions.googleapis.com x-goog-quota-user=projects/evangadiforum-bae8b
[debug] [2025-01-05T17:55:28.807Z] <<< [apiv2][status] GET https://serviceusage.googleapis.com/v1/projects/evangadiforum-bae8b/services/firebaseextensions.googleapis.com 200
[debug] [2025-01-05T17:55:28.807Z] <<< [apiv2][body] GET https://serviceusage.googleapis.com/v1/projects/evangadiforum-bae8b/services/firebaseextensions.googleapis.com [omitted]
[info] ✔  extensions: required API firebaseextensions.googleapis.com is enabled 
[debug] [2025-01-05T17:55:28.808Z] > command requires scopes: ["email","openid","https://www.googleapis.com/auth/cloudplatformprojects.readonly","https://www.googleapis.com/auth/firebase","https://www.googleapis.com/auth/cloud-platform"]
[debug] [2025-01-05T17:55:28.808Z] > authorizing via signed-in user (kewanim40@gmail.com)
[debug] [2025-01-05T17:55:28.808Z] [iam] checking project evangadiforum-bae8b for permissions ["firebase.projects.get","firebaseextensions.instances.list"]
[debug] [2025-01-05T17:55:28.809Z] Checked if tokens are valid: true, expires at: 1736101756027
[debug] [2025-01-05T17:55:28.809Z] Checked if tokens are valid: true, expires at: 1736101756027
[debug] [2025-01-05T17:55:28.809Z] >>> [apiv2][query] POST https://cloudresourcemanager.googleapis.com/v1/projects/evangadiforum-bae8b:testIamPermissions [none]
[debug] [2025-01-05T17:55:28.809Z] >>> [apiv2][(partial)header] POST https://cloudresourcemanager.googleapis.com/v1/projects/evangadiforum-bae8b:testIamPermissions x-goog-quota-user=projects/evangadiforum-bae8b
[debug] [2025-01-05T17:55:28.809Z] >>> [apiv2][body] POST https://cloudresourcemanager.googleapis.com/v1/projects/evangadiforum-bae8b:testIamPermissions {"permissions":["firebase.projects.get","firebaseextensions.instances.list"]}
[debug] [2025-01-05T17:55:28.963Z] <<< [apiv2][status] POST https://cloudresourcemanager.googleapis.com/v1/projects/evangadiforum-bae8b:testIamPermissions 200
[debug] [2025-01-05T17:55:28.963Z] <<< [apiv2][body] POST https://cloudresourcemanager.googleapis.com/v1/projects/evangadiforum-bae8b:testIamPermissions {"permissions":["firebase.projects.get","firebaseextensions.instances.list"]}
[debug] [2025-01-05T17:55:28.964Z] Checked if tokens are valid: true, expires at: 1736101756027
[debug] [2025-01-05T17:55:28.964Z] Checked if tokens are valid: true, expires at: 1736101756027
[debug] [2025-01-05T17:55:28.965Z] >>> [apiv2][query] GET https://firebaseextensions.googleapis.com/v1beta/projects/evangadiforum-bae8b/instances pageSize=100&pageToken=
[debug] [2025-01-05T17:55:29.348Z] <<< [apiv2][status] GET https://firebaseextensions.googleapis.com/v1beta/projects/evangadiforum-bae8b/instances 200
[debug] [2025-01-05T17:55:29.349Z] <<< [apiv2][body] GET https://firebaseextensions.googleapis.com/v1beta/projects/evangadiforum-bae8b/instances {}
[info] i  functions: preparing functions directory for uploading... 
[info] i  functions: packaged /Users/kewani/Library/Mobile Documents/com~apple~CloudDocs/Kewani/Evangadi/Phase-4/Evangadi Forum/EVANGADI_FORUM_LAST/Server/functions (61.61 KB) for uploading 
[debug] [2025-01-05T17:55:29.387Z] Checked if tokens are valid: true, expires at: 1736101756027
[debug] [2025-01-05T17:55:29.387Z] Checked if tokens are valid: true, expires at: 1736101756027
[debug] [2025-01-05T17:55:29.387Z] >>> [apiv2][query] GET https://cloudfunctions.googleapis.com/v1/projects/evangadiforum-bae8b/locations/-/functions [none]
[debug] [2025-01-05T17:55:29.899Z] <<< [apiv2][status] GET https://cloudfunctions.googleapis.com/v1/projects/evangadiforum-bae8b/locations/-/functions 200
[debug] [2025-01-05T17:55:29.899Z] <<< [apiv2][body] GET https://cloudfunctions.googleapis.com/v1/projects/evangadiforum-bae8b/locations/-/functions {}
[debug] [2025-01-05T17:55:29.899Z] Checked if tokens are valid: true, expires at: 1736101756027
[debug] [2025-01-05T17:55:29.899Z] Checked if tokens are valid: true, expires at: 1736101756027
[debug] [2025-01-05T17:55:29.899Z] >>> [apiv2][query] GET https://cloudfunctions.googleapis.com/v2/projects/evangadiforum-bae8b/locations/-/functions filter=environment%3D%22GEN_2%22
[debug] [2025-01-05T17:55:30.331Z] <<< [apiv2][status] GET https://cloudfunctions.googleapis.com/v2/projects/evangadiforum-bae8b/locations/-/functions 200
[debug] [2025-01-05T17:55:30.331Z] <<< [apiv2][body] GET https://cloudfunctions.googleapis.com/v2/projects/evangadiforum-bae8b/locations/-/functions {}
[info] i  functions: ensuring required API run.googleapis.com is enabled... 
[debug] [2025-01-05T17:55:30.334Z] Checked if tokens are valid: true, expires at: 1736101756027
[debug] [2025-01-05T17:55:30.334Z] Checked if tokens are valid: true, expires at: 1736101756027
[info] i  functions: ensuring required API eventarc.googleapis.com is enabled... 
[debug] [2025-01-05T17:55:30.334Z] Checked if tokens are valid: true, expires at: 1736101756027
[debug] [2025-01-05T17:55:30.335Z] Checked if tokens are valid: true, expires at: 1736101756027
[info] i  functions: ensuring required API pubsub.googleapis.com is enabled... 
[debug] [2025-01-05T17:55:30.335Z] Checked if tokens are valid: true, expires at: 1736101756027
[debug] [2025-01-05T17:55:30.335Z] Checked if tokens are valid: true, expires at: 1736101756027
[info] i  functions: ensuring required API storage.googleapis.com is enabled... 
[debug] [2025-01-05T17:55:30.335Z] Checked if tokens are valid: true, expires at: 1736101756027
[debug] [2025-01-05T17:55:30.335Z] Checked if tokens are valid: true, expires at: 1736101756027
[debug] [2025-01-05T17:55:30.335Z] >>> [apiv2][query] GET https://serviceusage.googleapis.com/v1/projects/evangadiforum-bae8b/services/run.googleapis.com [none]
[debug] [2025-01-05T17:55:30.335Z] >>> [apiv2][(partial)header] GET https://serviceusage.googleapis.com/v1/projects/evangadiforum-bae8b/services/run.googleapis.com x-goog-quota-user=projects/evangadiforum-bae8b
[debug] [2025-01-05T17:55:30.337Z] >>> [apiv2][query] GET https://serviceusage.googleapis.com/v1/projects/evangadiforum-bae8b/services/eventarc.googleapis.com [none]
[debug] [2025-01-05T17:55:30.337Z] >>> [apiv2][(partial)header] GET https://serviceusage.googleapis.com/v1/projects/evangadiforum-bae8b/services/eventarc.googleapis.com x-goog-quota-user=projects/evangadiforum-bae8b
[debug] [2025-01-05T17:55:30.339Z] >>> [apiv2][query] GET https://serviceusage.googleapis.com/v1/projects/evangadiforum-bae8b/services/pubsub.googleapis.com [none]
[debug] [2025-01-05T17:55:30.339Z] >>> [apiv2][(partial)header] GET https://serviceusage.googleapis.com/v1/projects/evangadiforum-bae8b/services/pubsub.googleapis.com x-goog-quota-user=projects/evangadiforum-bae8b
[debug] [2025-01-05T17:55:30.341Z] >>> [apiv2][query] GET https://serviceusage.googleapis.com/v1/projects/evangadiforum-bae8b/services/storage.googleapis.com [none]
[debug] [2025-01-05T17:55:30.341Z] >>> [apiv2][(partial)header] GET https://serviceusage.googleapis.com/v1/projects/evangadiforum-bae8b/services/storage.googleapis.com x-goog-quota-user=projects/evangadiforum-bae8b
[debug] [2025-01-05T17:55:30.639Z] <<< [apiv2][status] GET https://serviceusage.googleapis.com/v1/projects/evangadiforum-bae8b/services/eventarc.googleapis.com 200
[debug] [2025-01-05T17:55:30.639Z] <<< [apiv2][body] GET https://serviceusage.googleapis.com/v1/projects/evangadiforum-bae8b/services/eventarc.googleapis.com [omitted]
[warn] ⚠  functions: missing required API eventarc.googleapis.com. Enabling now... 
[debug] [2025-01-05T17:55:30.640Z] Checked if tokens are valid: true, expires at: 1736101756027
[debug] [2025-01-05T17:55:30.640Z] Checked if tokens are valid: true, expires at: 1736101756027
[debug] [2025-01-05T17:55:30.640Z] >>> [apiv2][query] POST https://serviceusage.googleapis.com/v1/projects/evangadiforum-bae8b/services/eventarc.googleapis.com:enable [none]
[debug] [2025-01-05T17:55:30.640Z] >>> [apiv2][(partial)header] POST https://serviceusage.googleapis.com/v1/projects/evangadiforum-bae8b/services/eventarc.googleapis.com:enable x-goog-quota-user=projects/evangadiforum-bae8b
[debug] [2025-01-05T17:55:30.651Z] <<< [apiv2][status] GET https://serviceusage.googleapis.com/v1/projects/evangadiforum-bae8b/services/pubsub.googleapis.com 200
[debug] [2025-01-05T17:55:30.651Z] <<< [apiv2][body] GET https://serviceusage.googleapis.com/v1/projects/evangadiforum-bae8b/services/pubsub.googleapis.com [omitted]
[info] ✔  functions: required API pubsub.googleapis.com is enabled 
[debug] [2025-01-05T17:55:30.693Z] <<< [apiv2][status] GET https://serviceusage.googleapis.com/v1/projects/evangadiforum-bae8b/services/run.googleapis.com 200
[debug] [2025-01-05T17:55:30.693Z] <<< [apiv2][body] GET https://serviceusage.googleapis.com/v1/projects/evangadiforum-bae8b/services/run.googleapis.com [omitted]
[warn] ⚠  functions: missing required API run.googleapis.com. Enabling now... 
[debug] [2025-01-05T17:55:30.694Z] Checked if tokens are valid: true, expires at: 1736101756027
[debug] [2025-01-05T17:55:30.694Z] Checked if tokens are valid: true, expires at: 1736101756027
[debug] [2025-01-05T17:55:30.694Z] >>> [apiv2][query] POST https://serviceusage.googleapis.com/v1/projects/evangadiforum-bae8b/services/run.googleapis.com:enable [none]
[debug] [2025-01-05T17:55:30.694Z] >>> [apiv2][(partial)header] POST https://serviceusage.googleapis.com/v1/projects/evangadiforum-bae8b/services/run.googleapis.com:enable x-goog-quota-user=projects/evangadiforum-bae8b
[debug] [2025-01-05T17:55:30.700Z] <<< [apiv2][status] GET https://serviceusage.googleapis.com/v1/projects/evangadiforum-bae8b/services/storage.googleapis.com 200
[debug] [2025-01-05T17:55:30.700Z] <<< [apiv2][body] GET https://serviceusage.googleapis.com/v1/projects/evangadiforum-bae8b/services/storage.googleapis.com [omitted]
[info] ✔  functions: required API storage.googleapis.com is enabled 
[debug] [2025-01-05T17:55:31.199Z] <<< [apiv2][status] POST https://serviceusage.googleapis.com/v1/projects/evangadiforum-bae8b/services/eventarc.googleapis.com:enable 200
[debug] [2025-01-05T17:55:31.199Z] <<< [apiv2][body] POST https://serviceusage.googleapis.com/v1/projects/evangadiforum-bae8b/services/eventarc.googleapis.com:enable [omitted]
[debug] [2025-01-05T17:55:31.834Z] <<< [apiv2][status] POST https://serviceusage.googleapis.com/v1/projects/evangadiforum-bae8b/services/run.googleapis.com:enable 200
[debug] [2025-01-05T17:55:31.834Z] <<< [apiv2][body] POST https://serviceusage.googleapis.com/v1/projects/evangadiforum-bae8b/services/run.googleapis.com:enable [omitted]
[debug] [2025-01-05T17:55:41.202Z] Checked if tokens are valid: true, expires at: 1736101756027
[debug] [2025-01-05T17:55:41.203Z] Checked if tokens are valid: true, expires at: 1736101756027
[debug] [2025-01-05T17:55:41.203Z] >>> [apiv2][query] GET https://serviceusage.googleapis.com/v1/projects/evangadiforum-bae8b/services/eventarc.googleapis.com [none]
[debug] [2025-01-05T17:55:41.203Z] >>> [apiv2][(partial)header] GET https://serviceusage.googleapis.com/v1/projects/evangadiforum-bae8b/services/eventarc.googleapis.com x-goog-quota-user=projects/evangadiforum-bae8b
[debug] [2025-01-05T17:55:41.615Z] <<< [apiv2][status] GET https://serviceusage.googleapis.com/v1/projects/evangadiforum-bae8b/services/eventarc.googleapis.com 200
[debug] [2025-01-05T17:55:41.615Z] <<< [apiv2][body] GET https://serviceusage.googleapis.com/v1/projects/evangadiforum-bae8b/services/eventarc.googleapis.com [omitted]
[info] ✔  functions: required API eventarc.googleapis.com is enabled 
[debug] [2025-01-05T17:55:41.837Z] Checked if tokens are valid: true, expires at: 1736101756027
[debug] [2025-01-05T17:55:41.837Z] Checked if tokens are valid: true, expires at: 1736101756027
[debug] [2025-01-05T17:55:41.837Z] >>> [apiv2][query] GET https://serviceusage.googleapis.com/v1/projects/evangadiforum-bae8b/services/run.googleapis.com [none]
[debug] [2025-01-05T17:55:41.838Z] >>> [apiv2][(partial)header] GET https://serviceusage.googleapis.com/v1/projects/evangadiforum-bae8b/services/run.googleapis.com x-goog-quota-user=projects/evangadiforum-bae8b
[debug] [2025-01-05T17:55:42.175Z] <<< [apiv2][status] GET https://serviceusage.googleapis.com/v1/projects/evangadiforum-bae8b/services/run.googleapis.com 200
[debug] [2025-01-05T17:55:42.175Z] <<< [apiv2][body] GET https://serviceusage.googleapis.com/v1/projects/evangadiforum-bae8b/services/run.googleapis.com [omitted]
[info] ✔  functions: required API run.googleapis.com is enabled 
[info] i  functions: generating the service identity for pubsub.googleapis.com... 
[debug] [2025-01-05T17:55:42.178Z] Checked if tokens are valid: true, expires at: 1736101756027
[debug] [2025-01-05T17:55:42.178Z] Checked if tokens are valid: true, expires at: 1736101756027
[info] i  functions: generating the service identity for eventarc.googleapis.com... 
[debug] [2025-01-05T17:55:42.179Z] Checked if tokens are valid: true, expires at: 1736101756027
[debug] [2025-01-05T17:55:42.179Z] Checked if tokens are valid: true, expires at: 1736101756027
[debug] [2025-01-05T17:55:42.179Z] >>> [apiv2][query] POST https://serviceusage.googleapis.com/v1beta1/projects/896246221499/services/pubsub.googleapis.com:generateServiceIdentity [none]
[debug] [2025-01-05T17:55:42.180Z] >>> [apiv2][query] POST https://serviceusage.googleapis.com/v1beta1/projects/896246221499/services/eventarc.googleapis.com:generateServiceIdentity [none]
[debug] [2025-01-05T17:55:42.732Z] <<< [apiv2][status] POST https://serviceusage.googleapis.com/v1beta1/projects/896246221499/services/pubsub.googleapis.com:generateServiceIdentity 200
[debug] [2025-01-05T17:55:42.732Z] <<< [apiv2][body] POST https://serviceusage.googleapis.com/v1beta1/projects/896246221499/services/pubsub.googleapis.com:generateServiceIdentity {"name":"operations/finished.DONE_OPERATION","done":true,"response":{"@type":"type.googleapis.com/google.api.serviceusage.v1beta1.ServiceIdentity","email":"service-896246221499@gcp-sa-pubsub.iam.gserviceaccount.com","uniqueId":"116751004360185500011"}}
[debug] [2025-01-05T17:55:42.837Z] <<< [apiv2][status] POST https://serviceusage.googleapis.com/v1beta1/projects/896246221499/services/eventarc.googleapis.com:generateServiceIdentity 200
[debug] [2025-01-05T17:55:42.837Z] <<< [apiv2][body] POST https://serviceusage.googleapis.com/v1beta1/projects/896246221499/services/eventarc.googleapis.com:generateServiceIdentity {"name":"operations/finished.DONE_OPERATION","done":true,"response":{"@type":"type.googleapis.com/google.api.serviceusage.v1beta1.ServiceIdentity","email":"service-896246221499@gcp-sa-eventarc.iam.gserviceaccount.com","uniqueId":"112055975188084420671"}}
[debug] [2025-01-05T17:55:42.839Z] Checked if tokens are valid: true, expires at: 1736101756027
[debug] [2025-01-05T17:55:42.839Z] Checked if tokens are valid: true, expires at: 1736101756027
[debug] [2025-01-05T17:55:42.840Z] >>> [apiv2][query] GET https://cloudresourcemanager.googleapis.com/v1/projects/evangadiforum-bae8b [none]
[debug] [2025-01-05T17:55:43.064Z] <<< [apiv2][status] GET https://cloudresourcemanager.googleapis.com/v1/projects/evangadiforum-bae8b 200
[debug] [2025-01-05T17:55:43.064Z] <<< [apiv2][body] GET https://cloudresourcemanager.googleapis.com/v1/projects/evangadiforum-bae8b {"projectNumber":"896246221499","projectId":"evangadiforum-bae8b","lifecycleState":"ACTIVE","name":"EvangadiForum","labels":{"firebase":"enabled","firebase-core":"disabled"},"createTime":"2025-01-04T20:03:13.626525Z"}
[debug] [2025-01-05T17:55:43.066Z] Checked if tokens are valid: true, expires at: 1736101756027
[debug] [2025-01-05T17:55:43.066Z] Checked if tokens are valid: true, expires at: 1736101756027
[debug] [2025-01-05T17:55:43.067Z] >>> [apiv2][query] GET https://cloudbilling.googleapis.com/v1/projects/evangadiforum-bae8b/billingInfo [none]
[debug] [2025-01-05T17:55:43.216Z] <<< [apiv2][status] GET https://cloudbilling.googleapis.com/v1/projects/evangadiforum-bae8b/billingInfo 200
[debug] [2025-01-05T17:55:43.216Z] <<< [apiv2][body] GET https://cloudbilling.googleapis.com/v1/projects/evangadiforum-bae8b/billingInfo {"name":"projects/evangadiforum-bae8b/billingInfo","projectId":"evangadiforum-bae8b","billingAccountName":"billingAccounts/01D0C4-D2B5F0-3C3572","billingEnabled":true}
[debug] [2025-01-05T17:55:43.217Z] [functions] found 2 new HTTP functions, testing setIamPolicy permission...
[debug] [2025-01-05T17:55:43.217Z] Checked if tokens are valid: true, expires at: 1736101756027
[debug] [2025-01-05T17:55:43.218Z] Checked if tokens are valid: true, expires at: 1736101756027
[debug] [2025-01-05T17:55:43.219Z] >>> [apiv2][query] POST https://cloudresourcemanager.googleapis.com/v1/projects/evangadiforum-bae8b:testIamPermissions [none]
[debug] [2025-01-05T17:55:43.219Z] >>> [apiv2][(partial)header] POST https://cloudresourcemanager.googleapis.com/v1/projects/evangadiforum-bae8b:testIamPermissions x-goog-quota-user=projects/evangadiforum-bae8b
[debug] [2025-01-05T17:55:43.219Z] >>> [apiv2][body] POST https://cloudresourcemanager.googleapis.com/v1/projects/evangadiforum-bae8b:testIamPermissions {"permissions":["cloudfunctions.functions.setIamPolicy"]}
[debug] [2025-01-05T17:55:43.382Z] <<< [apiv2][status] POST https://cloudresourcemanager.googleapis.com/v1/projects/evangadiforum-bae8b:testIamPermissions 200
[debug] [2025-01-05T17:55:43.382Z] <<< [apiv2][body] POST https://cloudresourcemanager.googleapis.com/v1/projects/evangadiforum-bae8b:testIamPermissions {"permissions":["cloudfunctions.functions.setIamPolicy"]}
[debug] [2025-01-05T17:55:43.382Z] [functions] found setIamPolicy permission, proceeding with deploy
[debug] [2025-01-05T17:55:43.383Z] Checked if tokens are valid: true, expires at: 1736101756027
[debug] [2025-01-05T17:55:43.383Z] Checked if tokens are valid: true, expires at: 1736101756027
[debug] [2025-01-05T17:55:43.383Z] >>> [apiv2][query] POST https://cloudfunctions.googleapis.com/v2/projects/evangadiforum-bae8b/locations/us-central1/functions:generateUploadUrl [none]
[debug] [2025-01-05T17:55:44.784Z] <<< [apiv2][status] POST https://cloudfunctions.googleapis.com/v2/projects/evangadiforum-bae8b/locations/us-central1/functions:generateUploadUrl 200
[debug] [2025-01-05T17:55:44.785Z] <<< [apiv2][body] POST https://cloudfunctions.googleapis.com/v2/projects/evangadiforum-bae8b/locations/us-central1/functions:generateUploadUrl {"uploadUrl":"https://storage.googleapis.com/gcf-v2-uploads-896246221499.us-central1.cloudfunctions.appspot.com/679419ac-50c8-4a98-94eb-11149d54c39d.zip?GoogleAccessId=service-896246221499@gcf-admin-robot.iam.gserviceaccount.com&Expires=1736101544&Signature=PvI8hLMWHE96LxviQhEOSyuu5%2Bo94SdwCjqlo8w0zAnnPDrXn8F%2FMHEbWzcFzBVuA%2FJnErZsUuy1aqwCq8raHKVXGJcHBwFl%2F1U5wVREYjcBfpxjjP9eRuJL2e1JtrDu5NK1GI7jBtBlnoVW3ZR%2B857khFkukzgSqlRbW7bJu0t8hhTa8nJOqlbNz2CIzTdFL%2B%2FvpByeZpTlZYSgvj8mjGKZEjxlnpLMI%2B8XbedHRGqd52KMG60hB9L3ZFgvq8uIKOO9w6EPp%2FLEtVr5GpG9ZcWwwzj78Tbk%2B%2FAKZpkSbaKuGjlVh9oISnUGjCkabmpv1pshqW%2BtiibGrWDqfjkZsA%3D%3D","storageSource":{"bucket":"gcf-v2-uploads-896246221499.us-central1.cloudfunctions.appspot.com","object":"679419ac-50c8-4a98-94eb-11149d54c39d.zip"}}
[debug] [2025-01-05T17:55:44.787Z] >>> [apiv2][query] PUT https://storage.googleapis.com/gcf-v2-uploads-896246221499.us-central1.cloudfunctions.appspot.com/679419ac-50c8-4a98-94eb-11149d54c39d.zip GoogleAccessId=service-896246221499%40gcf-admin-robot.iam.gserviceaccount.com&Expires=1736101544&Signature=PvI8hLMWHE96LxviQhEOSyuu5%2Bo94SdwCjqlo8w0zAnnPDrXn8F%2FMHEbWzcFzBVuA%2FJnErZsUuy1aqwCq8raHKVXGJcHBwFl%2F1U5wVREYjcBfpxjjP9eRuJL2e1JtrDu5NK1GI7jBtBlnoVW3ZR%2B857khFkukzgSqlRbW7bJu0t8hhTa8nJOqlbNz2CIzTdFL%2B%2FvpByeZpTlZYSgvj8mjGKZEjxlnpLMI%2B8XbedHRGqd52KMG60hB9L3ZFgvq8uIKOO9w6EPp%2FLEtVr5GpG9ZcWwwzj78Tbk%2B%2FAKZpkSbaKuGjlVh9oISnUGjCkabmpv1pshqW%2BtiibGrWDqfjkZsA%3D%3D
[debug] [2025-01-05T17:55:44.787Z] >>> [apiv2][body] PUT https://storage.googleapis.com/gcf-v2-uploads-896246221499.us-central1.cloudfunctions.appspot.com/679419ac-50c8-4a98-94eb-11149d54c39d.zip [stream]
[debug] [2025-01-05T17:55:45.046Z] <<< [apiv2][status] PUT https://storage.googleapis.com/gcf-v2-uploads-896246221499.us-central1.cloudfunctions.appspot.com/679419ac-50c8-4a98-94eb-11149d54c39d.zip 200
[debug] [2025-01-05T17:55:45.047Z] <<< [apiv2][body] PUT https://storage.googleapis.com/gcf-v2-uploads-896246221499.us-central1.cloudfunctions.appspot.com/679419ac-50c8-4a98-94eb-11149d54c39d.zip [omitted]
[info] ✔  functions: functions folder uploaded successfully 
[info] i  functions: creating Node.js 22 (2nd Gen) function registerUser(us-central1)... 
[info] i  functions: creating Node.js 22 (2nd Gen) function helloWorld(us-central1)... 
[debug] [2025-01-05T17:55:45.054Z] Checked if tokens are valid: true, expires at: 1736101756027
[debug] [2025-01-05T17:55:45.054Z] Checked if tokens are valid: true, expires at: 1736101756027
[debug] [2025-01-05T17:55:45.054Z] >>> [apiv2][query] POST https://cloudfunctions.googleapis.com/v2/projects/evangadiforum-bae8b/locations/us-central1/functions functionId=registerUser
[debug] [2025-01-05T17:55:45.055Z] >>> [apiv2][body] POST https://cloudfunctions.googleapis.com/v2/projects/evangadiforum-bae8b/locations/us-central1/functions {"name":"projects/evangadiforum-bae8b/locations/us-central1/functions/registerUser","buildConfig":{"runtime":"nodejs22","entryPoint":"registerUser","source":{"storageSource":{"bucket":"gcf-v2-uploads-896246221499.us-central1.cloudfunctions.appspot.com","object":"679419ac-50c8-4a98-94eb-11149d54c39d.zip"}},"environmentVariables":{"GOOGLE_NODE_RUN_SCRIPTS":""}},"serviceConfig":{"environmentVariables":{"FIREBASE_CONFIG":"{\"projectId\":\"evangadiforum-bae8b\",\"storageBucket\":\"evangadiforum-bae8b.firebasestorage.app\"}","GCLOUD_PROJECT":"evangadiforum-bae8b","EVENTARC_CLOUD_EVENT_SOURCE":"projects/evangadiforum-bae8b/locations/us-central1/services/registerUser","FUNCTION_TARGET":"registerUser"},"ingressSettings":null,"timeoutSeconds":null,"serviceAccountEmail":null,"availableMemory":"256Mi","minInstanceCount":null,"maxInstanceCount":null,"maxInstanceRequestConcurrency":80,"availableCpu":"1","vpcConnector":null,"vpcConnectorEgressSettings":null},"labels":{"deployment-tool":"cli-firebase","firebase-functions-hash":"5bf5cb1985a53ebf43bb218873709291f630486e"}}
[debug] [2025-01-05T17:55:46.732Z] <<< [apiv2][status] POST https://cloudfunctions.googleapis.com/v2/projects/evangadiforum-bae8b/locations/us-central1/functions 200
[debug] [2025-01-05T17:55:46.732Z] <<< [apiv2][body] POST https://cloudfunctions.googleapis.com/v2/projects/evangadiforum-bae8b/locations/us-central1/functions {"name":"projects/evangadiforum-bae8b/locations/us-central1/operations/operation-1736099745400-62af9389e8602-c56fae89-bfd0e339","metadata":{"@type":"type.googleapis.com/google.cloud.functions.v2.OperationMetadata","createTime":"2025-01-05T17:55:46.709562275Z","target":"projects/evangadiforum-bae8b/locations/us-central1/functions/registerUser","verb":"create","cancelRequested":false,"apiVersion":"v2"},"done":false}
[debug] [2025-01-05T17:55:46.734Z] Checked if tokens are valid: true, expires at: 1736101756027
[debug] [2025-01-05T17:55:46.734Z] Checked if tokens are valid: true, expires at: 1736101756027
[debug] [2025-01-05T17:55:46.735Z] >>> [apiv2][query] GET https://cloudfunctions.googleapis.com/v2/projects/evangadiforum-bae8b/locations/us-central1/operations/operation-1736099745400-62af9389e8602-c56fae89-bfd0e339 [none]
[debug] [2025-01-05T17:55:46.977Z] <<< [apiv2][status] GET https://cloudfunctions.googleapis.com/v2/projects/evangadiforum-bae8b/locations/us-central1/operations/operation-1736099745400-62af9389e8602-c56fae89-bfd0e339 200
[debug] [2025-01-05T17:55:46.977Z] <<< [apiv2][body] GET https://cloudfunctions.googleapis.com/v2/projects/evangadiforum-bae8b/locations/us-central1/operations/operation-1736099745400-62af9389e8602-c56fae89-bfd0e339 {"name":"projects/evangadiforum-bae8b/locations/us-central1/operations/operation-1736099745400-62af9389e8602-c56fae89-bfd0e339","metadata":{"@type":"type.googleapis.com/google.cloud.functions.v2.OperationMetadata","createTime":"2025-01-05T17:55:46.709562275Z","target":"projects/evangadiforum-bae8b/locations/us-central1/functions/registerUser","verb":"create","cancelRequested":false,"apiVersion":"v2","requestResource":{"@type":"type.googleapis.com/google.cloud.functions.v2.Function","name":"projects/evangadiforum-bae8b/locations/us-central1/functions/registerUser","buildConfig":{"runtime":"nodejs22","entryPoint":"registerUser","source":{"storageSource":{"bucket":"gcf-v2-sources-896246221499-us-central1","object":"registerUser/function-source.zip","generation":"1736099746444336"}},"environmentVariables":{"GOOGLE_NODE_RUN_SCRIPTS":""},"serviceAccount":"projects/evangadiforum-bae8b/serviceAccounts/896246221499-compute@developer.gserviceaccount.com","automaticUpdatePolicy":{}},"serviceConfig":{"service":"projects/evangadiforum-bae8b/locations/us-central1/services/registeruser","timeoutSeconds":60,"environmentVariables":{"FIREBASE_CONFIG":"{\"projectId\":\"evangadiforum-bae8b\",\"storageBucket\":\"evangadiforum-bae8b.firebasestorage.app\"}","GCLOUD_PROJECT":"evangadiforum-bae8b","EVENTARC_CLOUD_EVENT_SOURCE":"projects/evangadiforum-bae8b/locations/us-central1/services/registerUser","FUNCTION_TARGET":"registerUser","LOG_EXECUTION_ID":"true"},"ingressSettings":"ALLOW_ALL","serviceAccountEmail":"896246221499-compute@developer.gserviceaccount.com","availableMemory":"256Mi","maxInstanceRequestConcurrency":80,"availableCpu":"1"},"labels":{"deployment-tool":"cli-firebase","firebase-functions-hash":"5bf5cb1985a53ebf43bb218873709291f630486e"},"environment":"GEN_2"},"stages":[{"name":"BUILD","state":"NOT_STARTED"},{"name":"SERVICE","state":"NOT_STARTED"}],"operationType":"CREATE_FUNCTION"},"done":false}
[debug] [2025-01-05T17:55:47.480Z] [create-default-us-central1-registerUser] Retrying task index 0
[debug] [2025-01-05T17:55:47.480Z] Checked if tokens are valid: true, expires at: 1736101756027
[debug] [2025-01-05T17:55:47.480Z] Checked if tokens are valid: true, expires at: 1736101756027
[debug] [2025-01-05T17:55:47.480Z] >>> [apiv2][query] GET https://cloudfunctions.googleapis.com/v2/projects/evangadiforum-bae8b/locations/us-central1/operations/operation-1736099745400-62af9389e8602-c56fae89-bfd0e339 [none]
[debug] [2025-01-05T17:55:47.721Z] <<< [apiv2][status] GET https://cloudfunctions.googleapis.com/v2/projects/evangadiforum-bae8b/locations/us-central1/operations/operation-1736099745400-62af9389e8602-c56fae89-bfd0e339 200
[debug] [2025-01-05T17:55:47.721Z] <<< [apiv2][body] GET https://cloudfunctions.googleapis.com/v2/projects/evangadiforum-bae8b/locations/us-central1/operations/operation-1736099745400-62af9389e8602-c56fae89-bfd0e339 {"name":"projects/evangadiforum-bae8b/locations/us-central1/operations/operation-1736099745400-62af9389e8602-c56fae89-bfd0e339","metadata":{"@type":"type.googleapis.com/google.cloud.functions.v2.OperationMetadata","createTime":"2025-01-05T17:55:46.709562275Z","target":"projects/evangadiforum-bae8b/locations/us-central1/functions/registerUser","verb":"create","cancelRequested":false,"apiVersion":"v2","requestResource":{"@type":"type.googleapis.com/google.cloud.functions.v2.Function","name":"projects/evangadiforum-bae8b/locations/us-central1/functions/registerUser","buildConfig":{"runtime":"nodejs22","entryPoint":"registerUser","source":{"storageSource":{"bucket":"gcf-v2-sources-896246221499-us-central1","object":"registerUser/function-source.zip","generation":"1736099746444336"}},"environmentVariables":{"GOOGLE_NODE_RUN_SCRIPTS":""},"serviceAccount":"projects/evangadiforum-bae8b/serviceAccounts/896246221499-compute@developer.gserviceaccount.com","automaticUpdatePolicy":{}},"serviceConfig":{"service":"projects/evangadiforum-bae8b/locations/us-central1/services/registeruser","timeoutSeconds":60,"environmentVariables":{"FIREBASE_CONFIG":"{\"projectId\":\"evangadiforum-bae8b\",\"storageBucket\":\"evangadiforum-bae8b.firebasestorage.app\"}","GCLOUD_PROJECT":"evangadiforum-bae8b","EVENTARC_CLOUD_EVENT_SOURCE":"projects/evangadiforum-bae8b/locations/us-central1/services/registerUser","FUNCTION_TARGET":"registerUser","LOG_EXECUTION_ID":"true"},"ingressSettings":"ALLOW_ALL","serviceAccountEmail":"896246221499-compute@developer.gserviceaccount.com","availableMemory":"256Mi","maxInstanceRequestConcurrency":80,"availableCpu":"1"},"labels":{"deployment-tool":"cli-firebase","firebase-functions-hash":"5bf5cb1985a53ebf43bb218873709291f630486e"},"environment":"GEN_2"},"stages":[{"name":"BUILD","state":"NOT_STARTED"},{"name":"SERVICE","state":"NOT_STARTED"}],"operationType":"CREATE_FUNCTION"},"done":false}
[debug] [2025-01-05T17:55:48.723Z] [create-default-us-central1-registerUser] Retrying task index 0
[debug] [2025-01-05T17:55:48.724Z] Checked if tokens are valid: true, expires at: 1736101756027
[debug] [2025-01-05T17:55:48.724Z] Checked if tokens are valid: true, expires at: 1736101756027
[debug] [2025-01-05T17:55:48.724Z] >>> [apiv2][query] GET https://cloudfunctions.googleapis.com/v2/projects/evangadiforum-bae8b/locations/us-central1/operations/operation-1736099745400-62af9389e8602-c56fae89-bfd0e339 [none]
[debug] [2025-01-05T17:55:48.980Z] <<< [apiv2][status] GET https://cloudfunctions.googleapis.com/v2/projects/evangadiforum-bae8b/locations/us-central1/operations/operation-1736099745400-62af9389e8602-c56fae89-bfd0e339 200
[debug] [2025-01-05T17:55:48.981Z] <<< [apiv2][body] GET https://cloudfunctions.googleapis.com/v2/projects/evangadiforum-bae8b/locations/us-central1/operations/operation-1736099745400-62af9389e8602-c56fae89-bfd0e339 {"name":"projects/evangadiforum-bae8b/locations/us-central1/operations/operation-1736099745400-62af9389e8602-c56fae89-bfd0e339","metadata":{"@type":"type.googleapis.com/google.cloud.functions.v2.OperationMetadata","createTime":"2025-01-05T17:55:46.709562275Z","target":"projects/evangadiforum-bae8b/locations/us-central1/functions/registerUser","verb":"create","cancelRequested":false,"apiVersion":"v2","requestResource":{"@type":"type.googleapis.com/google.cloud.functions.v2.Function","name":"projects/evangadiforum-bae8b/locations/us-central1/functions/registerUser","buildConfig":{"runtime":"nodejs22","entryPoint":"registerUser","source":{"storageSource":{"bucket":"gcf-v2-sources-896246221499-us-central1","object":"registerUser/function-source.zip","generation":"1736099746444336"}},"environmentVariables":{"GOOGLE_NODE_RUN_SCRIPTS":""},"serviceAccount":"projects/evangadiforum-bae8b/serviceAccounts/896246221499-compute@developer.gserviceaccount.com","automaticUpdatePolicy":{}},"serviceConfig":{"service":"projects/evangadiforum-bae8b/locations/us-central1/services/registeruser","timeoutSeconds":60,"environmentVariables":{"FIREBASE_CONFIG":"{\"projectId\":\"evangadiforum-bae8b\",\"storageBucket\":\"evangadiforum-bae8b.firebasestorage.app\"}","GCLOUD_PROJECT":"evangadiforum-bae8b","EVENTARC_CLOUD_EVENT_SOURCE":"projects/evangadiforum-bae8b/locations/us-central1/services/registerUser","FUNCTION_TARGET":"registerUser","LOG_EXECUTION_ID":"true"},"ingressSettings":"ALLOW_ALL","serviceAccountEmail":"896246221499-compute@developer.gserviceaccount.com","availableMemory":"256Mi","maxInstanceRequestConcurrency":80,"availableCpu":"1"},"labels":{"deployment-tool":"cli-firebase","firebase-functions-hash":"5bf5cb1985a53ebf43bb218873709291f630486e"},"environment":"GEN_2"},"stages":[{"name":"BUILD","state":"NOT_STARTED"},{"name":"SERVICE","state":"NOT_STARTED"}],"operationType":"CREATE_FUNCTION"},"done":false}
[debug] [2025-01-05T17:55:50.982Z] [create-default-us-central1-registerUser] Retrying task index 0
[debug] [2025-01-05T17:55:50.983Z] Checked if tokens are valid: true, expires at: 1736101756027
[debug] [2025-01-05T17:55:50.983Z] Checked if tokens are valid: true, expires at: 1736101756027
[debug] [2025-01-05T17:55:50.984Z] >>> [apiv2][query] GET https://cloudfunctions.googleapis.com/v2/projects/evangadiforum-bae8b/locations/us-central1/operations/operation-1736099745400-62af9389e8602-c56fae89-bfd0e339 [none]
[debug] [2025-01-05T17:55:51.260Z] <<< [apiv2][status] GET https://cloudfunctions.googleapis.com/v2/projects/evangadiforum-bae8b/locations/us-central1/operations/operation-1736099745400-62af9389e8602-c56fae89-bfd0e339 200
[debug] [2025-01-05T17:55:51.261Z] <<< [apiv2][body] GET https://cloudfunctions.googleapis.com/v2/projects/evangadiforum-bae8b/locations/us-central1/operations/operation-1736099745400-62af9389e8602-c56fae89-bfd0e339 {"name":"projects/evangadiforum-bae8b/locations/us-central1/operations/operation-1736099745400-62af9389e8602-c56fae89-bfd0e339","metadata":{"@type":"type.googleapis.com/google.cloud.functions.v2.OperationMetadata","createTime":"2025-01-05T17:55:46.709562275Z","target":"projects/evangadiforum-bae8b/locations/us-central1/functions/registerUser","verb":"create","cancelRequested":false,"apiVersion":"v2","requestResource":{"@type":"type.googleapis.com/google.cloud.functions.v2.Function","name":"projects/evangadiforum-bae8b/locations/us-central1/functions/registerUser","buildConfig":{"runtime":"nodejs22","entryPoint":"registerUser","source":{"storageSource":{"bucket":"gcf-v2-sources-896246221499-us-central1","object":"registerUser/function-source.zip","generation":"1736099746444336"}},"environmentVariables":{"GOOGLE_NODE_RUN_SCRIPTS":""},"serviceAccount":"projects/evangadiforum-bae8b/serviceAccounts/896246221499-compute@developer.gserviceaccount.com","automaticUpdatePolicy":{}},"serviceConfig":{"service":"projects/evangadiforum-bae8b/locations/us-central1/services/registeruser","timeoutSeconds":60,"environmentVariables":{"FIREBASE_CONFIG":"{\"projectId\":\"evangadiforum-bae8b\",\"storageBucket\":\"evangadiforum-bae8b.firebasestorage.app\"}","GCLOUD_PROJECT":"evangadiforum-bae8b","EVENTARC_CLOUD_EVENT_SOURCE":"projects/evangadiforum-bae8b/locations/us-central1/services/registerUser","FUNCTION_TARGET":"registerUser","LOG_EXECUTION_ID":"true"},"ingressSettings":"ALLOW_ALL","serviceAccountEmail":"896246221499-compute@developer.gserviceaccount.com","availableMemory":"256Mi","maxInstanceRequestConcurrency":80,"availableCpu":"1"},"labels":{"deployment-tool":"cli-firebase","firebase-functions-hash":"5bf5cb1985a53ebf43bb218873709291f630486e"},"environment":"GEN_2"},"stages":[{"name":"BUILD","state":"NOT_STARTED"},{"name":"SERVICE","state":"NOT_STARTED"}],"operationType":"CREATE_FUNCTION"},"done":false}
[debug] [2025-01-05T17:55:55.263Z] [create-default-us-central1-registerUser] Retrying task index 0
[debug] [2025-01-05T17:55:55.264Z] Checked if tokens are valid: true, expires at: 1736101756027
[debug] [2025-01-05T17:55:55.264Z] Checked if tokens are valid: true, expires at: 1736101756027
[debug] [2025-01-05T17:55:55.264Z] >>> [apiv2][query] GET https://cloudfunctions.googleapis.com/v2/projects/evangadiforum-bae8b/locations/us-central1/operations/operation-1736099745400-62af9389e8602-c56fae89-bfd0e339 [none]
[debug] [2025-01-05T17:55:55.502Z] <<< [apiv2][status] GET https://cloudfunctions.googleapis.com/v2/projects/evangadiforum-bae8b/locations/us-central1/operations/operation-1736099745400-62af9389e8602-c56fae89-bfd0e339 200
[debug] [2025-01-05T17:55:55.502Z] <<< [apiv2][body] GET https://cloudfunctions.googleapis.com/v2/projects/evangadiforum-bae8b/locations/us-central1/operations/operation-1736099745400-62af9389e8602-c56fae89-bfd0e339 {"name":"projects/evangadiforum-bae8b/locations/us-central1/operations/operation-1736099745400-62af9389e8602-c56fae89-bfd0e339","metadata":{"@type":"type.googleapis.com/google.cloud.functions.v2.OperationMetadata","createTime":"2025-01-05T17:55:46.709562275Z","target":"projects/evangadiforum-bae8b/locations/us-central1/functions/registerUser","verb":"create","cancelRequested":false,"apiVersion":"v2","requestResource":{"@type":"type.googleapis.com/google.cloud.functions.v2.Function","name":"projects/evangadiforum-bae8b/locations/us-central1/functions/registerUser","buildConfig":{"runtime":"nodejs22","entryPoint":"registerUser","source":{"storageSource":{"bucket":"gcf-v2-sources-896246221499-us-central1","object":"registerUser/function-source.zip","generation":"1736099746444336"}},"environmentVariables":{"GOOGLE_NODE_RUN_SCRIPTS":""},"serviceAccount":"projects/evangadiforum-bae8b/serviceAccounts/896246221499-compute@developer.gserviceaccount.com","automaticUpdatePolicy":{}},"serviceConfig":{"service":"projects/evangadiforum-bae8b/locations/us-central1/services/registeruser","timeoutSeconds":60,"environmentVariables":{"FIREBASE_CONFIG":"{\"projectId\":\"evangadiforum-bae8b\",\"storageBucket\":\"evangadiforum-bae8b.firebasestorage.app\"}","GCLOUD_PROJECT":"evangadiforum-bae8b","EVENTARC_CLOUD_EVENT_SOURCE":"projects/evangadiforum-bae8b/locations/us-central1/services/registerUser","FUNCTION_TARGET":"registerUser","LOG_EXECUTION_ID":"true"},"ingressSettings":"ALLOW_ALL","serviceAccountEmail":"896246221499-compute@developer.gserviceaccount.com","availableMemory":"256Mi","maxInstanceRequestConcurrency":80,"availableCpu":"1"},"labels":{"deployment-tool":"cli-firebase","firebase-functions-hash":"5bf5cb1985a53ebf43bb218873709291f630486e"},"environment":"GEN_2"},"stages":[{"name":"BUILD","state":"NOT_STARTED"},{"name":"SERVICE","state":"NOT_STARTED"}],"operationType":"CREATE_FUNCTION"},"done":false}
[debug] [2025-01-05T17:56:03.503Z] [create-default-us-central1-registerUser] Retrying task index 0
[debug] [2025-01-05T17:56:03.504Z] Checked if tokens are valid: true, expires at: 1736101756027
[debug] [2025-01-05T17:56:03.504Z] Checked if tokens are valid: true, expires at: 1736101756027
[debug] [2025-01-05T17:56:03.505Z] >>> [apiv2][query] GET https://cloudfunctions.googleapis.com/v2/projects/evangadiforum-bae8b/locations/us-central1/operations/operation-1736099745400-62af9389e8602-c56fae89-bfd0e339 [none]
[debug] [2025-01-05T17:56:03.760Z] <<< [apiv2][status] GET https://cloudfunctions.googleapis.com/v2/projects/evangadiforum-bae8b/locations/us-central1/operations/operation-1736099745400-62af9389e8602-c56fae89-bfd0e339 200
[debug] [2025-01-05T17:56:03.760Z] <<< [apiv2][body] GET https://cloudfunctions.googleapis.com/v2/projects/evangadiforum-bae8b/locations/us-central1/operations/operation-1736099745400-62af9389e8602-c56fae89-bfd0e339 {"name":"projects/evangadiforum-bae8b/locations/us-central1/operations/operation-1736099745400-62af9389e8602-c56fae89-bfd0e339","metadata":{"@type":"type.googleapis.com/google.cloud.functions.v2.OperationMetadata","createTime":"2025-01-05T17:55:46.709562275Z","target":"projects/evangadiforum-bae8b/locations/us-central1/functions/registerUser","verb":"create","cancelRequested":false,"apiVersion":"v2","requestResource":{"@type":"type.googleapis.com/google.cloud.functions.v2.Function","name":"projects/evangadiforum-bae8b/locations/us-central1/functions/registerUser","buildConfig":{"runtime":"nodejs22","entryPoint":"registerUser","source":{"storageSource":{"bucket":"gcf-v2-sources-896246221499-us-central1","object":"registerUser/function-source.zip","generation":"1736099746444336"}},"environmentVariables":{"GOOGLE_NODE_RUN_SCRIPTS":""},"serviceAccount":"projects/evangadiforum-bae8b/serviceAccounts/896246221499-compute@developer.gserviceaccount.com","automaticUpdatePolicy":{}},"serviceConfig":{"service":"projects/evangadiforum-bae8b/locations/us-central1/services/registeruser","timeoutSeconds":60,"environmentVariables":{"FIREBASE_CONFIG":"{\"projectId\":\"evangadiforum-bae8b\",\"storageBucket\":\"evangadiforum-bae8b.firebasestorage.app\"}","GCLOUD_PROJECT":"evangadiforum-bae8b","EVENTARC_CLOUD_EVENT_SOURCE":"projects/evangadiforum-bae8b/locations/us-central1/services/registerUser","FUNCTION_TARGET":"registerUser","LOG_EXECUTION_ID":"true"},"ingressSettings":"ALLOW_ALL","serviceAccountEmail":"896246221499-compute@developer.gserviceaccount.com","availableMemory":"256Mi","maxInstanceRequestConcurrency":80,"availableCpu":"1"},"labels":{"deployment-tool":"cli-firebase","firebase-functions-hash":"5bf5cb1985a53ebf43bb218873709291f630486e"},"environment":"GEN_2"},"stages":[{"name":"BUILD","message":"Build in progress","state":"IN_PROGRESS","resource":"projects/896246221499/locations/us-central1/builds/f901347d-1641-4523-9fe8-e0e7d268568b","resourceUri":"https://console.cloud.google.com/cloud-build/builds;region=us-central1/f901347d-1641-4523-9fe8-e0e7d268568b?project=896246221499"},{"name":"SERVICE","state":"NOT_STARTED"}],"operationType":"CREATE_FUNCTION","buildName":"projects/896246221499/locations/us-central1/builds/f901347d-1641-4523-9fe8-e0e7d268568b"},"done":false}
[debug] [2025-01-05T17:56:13.762Z] [create-default-us-central1-registerUser] Retrying task index 0
[debug] [2025-01-05T17:56:13.763Z] Checked if tokens are valid: true, expires at: 1736101756027
[debug] [2025-01-05T17:56:13.763Z] Checked if tokens are valid: true, expires at: 1736101756027
[debug] [2025-01-05T17:56:13.763Z] >>> [apiv2][query] GET https://cloudfunctions.googleapis.com/v2/projects/evangadiforum-bae8b/locations/us-central1/operations/operation-1736099745400-62af9389e8602-c56fae89-bfd0e339 [none]
[debug] [2025-01-05T17:56:13.868Z] <<< [apiv2][status] GET https://cloudfunctions.googleapis.com/v2/projects/evangadiforum-bae8b/locations/us-central1/operations/operation-1736099745400-62af9389e8602-c56fae89-bfd0e339 200
[debug] [2025-01-05T17:56:13.869Z] <<< [apiv2][body] GET https://cloudfunctions.googleapis.com/v2/projects/evangadiforum-bae8b/locations/us-central1/operations/operation-1736099745400-62af9389e8602-c56fae89-bfd0e339 {"name":"projects/evangadiforum-bae8b/locations/us-central1/operations/operation-1736099745400-62af9389e8602-c56fae89-bfd0e339","metadata":{"@type":"type.googleapis.com/google.cloud.functions.v2.OperationMetadata","createTime":"2025-01-05T17:55:46.709562275Z","target":"projects/evangadiforum-bae8b/locations/us-central1/functions/registerUser","verb":"create","cancelRequested":false,"apiVersion":"v2","requestResource":{"@type":"type.googleapis.com/google.cloud.functions.v2.Function","name":"projects/evangadiforum-bae8b/locations/us-central1/functions/registerUser","buildConfig":{"runtime":"nodejs22","entryPoint":"registerUser","source":{"storageSource":{"bucket":"gcf-v2-sources-896246221499-us-central1","object":"registerUser/function-source.zip","generation":"1736099746444336"}},"environmentVariables":{"GOOGLE_NODE_RUN_SCRIPTS":""},"serviceAccount":"projects/evangadiforum-bae8b/serviceAccounts/896246221499-compute@developer.gserviceaccount.com","automaticUpdatePolicy":{}},"serviceConfig":{"service":"projects/evangadiforum-bae8b/locations/us-central1/services/registeruser","timeoutSeconds":60,"environmentVariables":{"FIREBASE_CONFIG":"{\"projectId\":\"evangadiforum-bae8b\",\"storageBucket\":\"evangadiforum-bae8b.firebasestorage.app\"}","GCLOUD_PROJECT":"evangadiforum-bae8b","EVENTARC_CLOUD_EVENT_SOURCE":"projects/evangadiforum-bae8b/locations/us-central1/services/registerUser","FUNCTION_TARGET":"registerUser","LOG_EXECUTION_ID":"true"},"ingressSettings":"ALLOW_ALL","serviceAccountEmail":"896246221499-compute@developer.gserviceaccount.com","availableMemory":"256Mi","maxInstanceRequestConcurrency":80,"availableCpu":"1"},"labels":{"deployment-tool":"cli-firebase","firebase-functions-hash":"5bf5cb1985a53ebf43bb218873709291f630486e"},"environment":"GEN_2"},"stages":[{"name":"BUILD","message":"Build in progress","state":"IN_PROGRESS","resource":"projects/896246221499/locations/us-central1/builds/f901347d-1641-4523-9fe8-e0e7d268568b","resourceUri":"https://console.cloud.google.com/cloud-build/builds;region=us-central1/f901347d-1641-4523-9fe8-e0e7d268568b?project=896246221499"},{"name":"SERVICE","state":"NOT_STARTED"}],"operationType":"CREATE_FUNCTION","buildName":"projects/896246221499/locations/us-central1/builds/f901347d-1641-4523-9fe8-e0e7d268568b"},"done":false}
[debug] [2025-01-05T17:56:23.870Z] [create-default-us-central1-registerUser] Retrying task index 0
[debug] [2025-01-05T17:56:23.871Z] Checked if tokens are valid: true, expires at: 1736101756027
[debug] [2025-01-05T17:56:23.871Z] Checked if tokens are valid: true, expires at: 1736101756027
[debug] [2025-01-05T17:56:23.871Z] >>> [apiv2][query] GET https://cloudfunctions.googleapis.com/v2/projects/evangadiforum-bae8b/locations/us-central1/operations/operation-1736099745400-62af9389e8602-c56fae89-bfd0e339 [none]
[debug] [2025-01-05T17:56:24.131Z] <<< [apiv2][status] GET https://cloudfunctions.googleapis.com/v2/projects/evangadiforum-bae8b/locations/us-central1/operations/operation-1736099745400-62af9389e8602-c56fae89-bfd0e339 200
[debug] [2025-01-05T17:56:24.131Z] <<< [apiv2][body] GET https://cloudfunctions.googleapis.com/v2/projects/evangadiforum-bae8b/locations/us-central1/operations/operation-1736099745400-62af9389e8602-c56fae89-bfd0e339 {"name":"projects/evangadiforum-bae8b/locations/us-central1/operations/operation-1736099745400-62af9389e8602-c56fae89-bfd0e339","metadata":{"@type":"type.googleapis.com/google.cloud.functions.v2.OperationMetadata","createTime":"2025-01-05T17:55:46.709562275Z","target":"projects/evangadiforum-bae8b/locations/us-central1/functions/registerUser","verb":"create","cancelRequested":false,"apiVersion":"v2","requestResource":{"@type":"type.googleapis.com/google.cloud.functions.v2.Function","name":"projects/evangadiforum-bae8b/locations/us-central1/functions/registerUser","buildConfig":{"runtime":"nodejs22","entryPoint":"registerUser","source":{"storageSource":{"bucket":"gcf-v2-sources-896246221499-us-central1","object":"registerUser/function-source.zip","generation":"1736099746444336"}},"environmentVariables":{"GOOGLE_NODE_RUN_SCRIPTS":""},"serviceAccount":"projects/evangadiforum-bae8b/serviceAccounts/896246221499-compute@developer.gserviceaccount.com","automaticUpdatePolicy":{}},"serviceConfig":{"service":"projects/evangadiforum-bae8b/locations/us-central1/services/registeruser","timeoutSeconds":60,"environmentVariables":{"FIREBASE_CONFIG":"{\"projectId\":\"evangadiforum-bae8b\",\"storageBucket\":\"evangadiforum-bae8b.firebasestorage.app\"}","GCLOUD_PROJECT":"evangadiforum-bae8b","EVENTARC_CLOUD_EVENT_SOURCE":"projects/evangadiforum-bae8b/locations/us-central1/services/registerUser","FUNCTION_TARGET":"registerUser","LOG_EXECUTION_ID":"true"},"ingressSettings":"ALLOW_ALL","serviceAccountEmail":"896246221499-compute@developer.gserviceaccount.com","availableMemory":"256Mi","maxInstanceRequestConcurrency":80,"availableCpu":"1"},"labels":{"deployment-tool":"cli-firebase","firebase-functions-hash":"5bf5cb1985a53ebf43bb218873709291f630486e"},"environment":"GEN_2"},"stages":[{"name":"BUILD","message":"Build in progress","state":"IN_PROGRESS","resource":"projects/896246221499/locations/us-central1/builds/f901347d-1641-4523-9fe8-e0e7d268568b","resourceUri":"https://console.cloud.google.com/cloud-build/builds;region=us-central1/f901347d-1641-4523-9fe8-e0e7d268568b?project=896246221499"},{"name":"SERVICE","state":"NOT_STARTED"}],"operationType":"CREATE_FUNCTION","buildName":"projects/896246221499/locations/us-central1/builds/f901347d-1641-4523-9fe8-e0e7d268568b"},"done":false}
[debug] [2025-01-05T17:56:34.134Z] [create-default-us-central1-registerUser] Retrying task index 0
[debug] [2025-01-05T17:56:34.135Z] Checked if tokens are valid: true, expires at: 1736101756027
[debug] [2025-01-05T17:56:34.135Z] Checked if tokens are valid: true, expires at: 1736101756027
[debug] [2025-01-05T17:56:34.136Z] >>> [apiv2][query] GET https://cloudfunctions.googleapis.com/v2/projects/evangadiforum-bae8b/locations/us-central1/operations/operation-1736099745400-62af9389e8602-c56fae89-bfd0e339 [none]
[debug] [2025-01-05T17:56:34.387Z] <<< [apiv2][status] GET https://cloudfunctions.googleapis.com/v2/projects/evangadiforum-bae8b/locations/us-central1/operations/operation-1736099745400-62af9389e8602-c56fae89-bfd0e339 200
[debug] [2025-01-05T17:56:34.388Z] <<< [apiv2][body] GET https://cloudfunctions.googleapis.com/v2/projects/evangadiforum-bae8b/locations/us-central1/operations/operation-1736099745400-62af9389e8602-c56fae89-bfd0e339 {"name":"projects/evangadiforum-bae8b/locations/us-central1/operations/operation-1736099745400-62af9389e8602-c56fae89-bfd0e339","metadata":{"@type":"type.googleapis.com/google.cloud.functions.v2.OperationMetadata","createTime":"2025-01-05T17:55:46.709562275Z","target":"projects/evangadiforum-bae8b/locations/us-central1/functions/registerUser","verb":"create","cancelRequested":false,"apiVersion":"v2","requestResource":{"@type":"type.googleapis.com/google.cloud.functions.v2.Function","name":"projects/evangadiforum-bae8b/locations/us-central1/functions/registerUser","buildConfig":{"runtime":"nodejs22","entryPoint":"registerUser","source":{"storageSource":{"bucket":"gcf-v2-sources-896246221499-us-central1","object":"registerUser/function-source.zip","generation":"1736099746444336"}},"environmentVariables":{"GOOGLE_NODE_RUN_SCRIPTS":""},"serviceAccount":"projects/evangadiforum-bae8b/serviceAccounts/896246221499-compute@developer.gserviceaccount.com","automaticUpdatePolicy":{}},"serviceConfig":{"service":"projects/evangadiforum-bae8b/locations/us-central1/services/registeruser","timeoutSeconds":60,"environmentVariables":{"FIREBASE_CONFIG":"{\"projectId\":\"evangadiforum-bae8b\",\"storageBucket\":\"evangadiforum-bae8b.firebasestorage.app\"}","GCLOUD_PROJECT":"evangadiforum-bae8b","EVENTARC_CLOUD_EVENT_SOURCE":"projects/evangadiforum-bae8b/locations/us-central1/services/registerUser","FUNCTION_TARGET":"registerUser","LOG_EXECUTION_ID":"true"},"ingressSettings":"ALLOW_ALL","serviceAccountEmail":"896246221499-compute@developer.gserviceaccount.com","availableMemory":"256Mi","maxInstanceRequestConcurrency":80,"availableCpu":"1"},"labels":{"deployment-tool":"cli-firebase","firebase-functions-hash":"5bf5cb1985a53ebf43bb218873709291f630486e"},"environment":"GEN_2"},"stages":[{"name":"BUILD","message":"Build in progress","state":"IN_PROGRESS","resource":"projects/896246221499/locations/us-central1/builds/f901347d-1641-4523-9fe8-e0e7d268568b","resourceUri":"https://console.cloud.google.com/cloud-build/builds;region=us-central1/f901347d-1641-4523-9fe8-e0e7d268568b?project=896246221499"},{"name":"SERVICE","state":"NOT_STARTED"}],"operationType":"CREATE_FUNCTION","buildName":"projects/896246221499/locations/us-central1/builds/f901347d-1641-4523-9fe8-e0e7d268568b"},"done":false}
